# JRE version: Java(TM) SE Runtime Environment (8.0_181-b13) (build 1.8.0_181-b13)
# Java VM: Java HotSpot(TM) 64-Bit Server VM (25.181-b13 mixed mode linux-amd64 compressed oops)
Heap:
 PSYoungGen      total 203264K, used 166175K [0x00000000eb600000, 0x00000000f9300000, 0x0000000100000000)
  eden space 188928K, 80% used [0x00000000eb600000,0x00000000f4a4a8f8,0x00000000f6e80000)
  from space 14336K, 99% used [0x00000000f8500000,0x00000000f92fd660,0x00000000f9300000)
  to   space 16896K, 0% used [0x00000000f7200000,0x00000000f7200000,0x00000000f8280000)
 ParOldGen       total 40448K, used 18550K [0x00000000c2200000, 0x00000000c4980000, 0x00000000eb600000)
  object space 40448K, 45% used [0x00000000c2200000,0x00000000c341da78,0x00000000c4980000)
 Metaspace       used 29535K, capacity 30516K, committed 30720K, reserved 1077248K
  class space    used 3530K, capacity 3829K, committed 3840K, reserved 1048576K
GC Heap History (10 events):
Event: 3.298 GC heap before
{Heap before GC invocations=7 (full 0):
 PSYoungGen      total 70656K, used 69728K [0x00000000eb600000, 0x00000000f0400000, 0x0000000100000000)
  eden space 62976K, 100% used [0x00000000eb600000,0x00000000ef380000,0x00000000ef380000)
  from space 7680K, 87% used [0x00000000efb80000,0x00000000f0218020,0x00000000f0300000)
  to   space 8192K, 0% used [0x00000000ef380000,0x00000000ef380000,0x00000000efb80000)
 ParOldGen       total 42496K, used 9401K [0x00000000c2200000, 0x00000000c4b80000, 0x00000000eb600000)
  object space 42496K, 22% used [0x00000000c2200000,0x00000000c2b2e738,0x00000000c4b80000)
 Metaspace       used 15612K, capacity 15910K, committed 16128K, reserved 1062912K
  class space    used 1864K, capacity 1977K, committed 2048K, reserved 1048576K
Event: 3.348 GC heap after
Heap after GC invocations=7 (full 0):
 PSYoungGen      total 71168K, used 8192K [0x00000000eb600000, 0x00000000f4800000, 0x0000000100000000)
  eden space 62976K, 0% used [0x00000000eb600000,0x00000000eb600000,0x00000000ef380000)
  from space 8192K, 100% used [0x00000000ef380000,0x00000000efb80000,0x00000000efb80000)
  to   space 11776K, 0% used [0x00000000f3c80000,0x00000000f3c80000,0x00000000f4800000)
 ParOldGen       total 42496K, used 13643K [0x00000000c2200000, 0x00000000c4b80000, 0x00000000eb600000)
  object space 42496K, 32% used [0x00000000c2200000,0x00000000c2f52c88,0x00000000c4b80000)
 Metaspace       used 15612K, capacity 15910K, committed 16128K, reserved 1062912K
  class space    used 1864K, capacity 1977K, committed 2048K, reserved 1048576K
}
Event: 4.179 GC heap before
{Heap before GC invocations=8 (full 0):
 PSYoungGen      total 71168K, used 71168K [0x00000000eb600000, 0x00000000f4800000, 0x0000000100000000)
  eden space 62976K, 100% used [0x00000000eb600000,0x00000000ef380000,0x00000000ef380000)
  from space 8192K, 100% used [0x00000000ef380000,0x00000000efb80000,0x00000000efb80000)
  to   space 11776K, 0% used [0x00000000f3c80000,0x00000000f3c80000,0x00000000f4800000)
 ParOldGen       total 42496K, used 13643K [0x00000000c2200000, 0x00000000c4b80000, 0x00000000eb600000)
  object space 42496K, 32% used [0x00000000c2200000,0x00000000c2f52c88,0x00000000c4b80000)
 Metaspace       used 19918K, capacity 20506K, committed 20864K, reserved 1067008K
  class space    used 2398K, capacity 2589K, committed 2688K, reserved 1048576K
Event: 4.461 GC heap after
Heap after GC invocations=8 (full 0):
 PSYoungGen      total 135168K, used 11753K [0x00000000eb600000, 0x00000000f4d00000, 0x0000000100000000)
  eden space 123392K, 0% used [0x00000000eb600000,0x00000000eb600000,0x00000000f2e80000)
  from space 11776K, 99% used [0x00000000f3c80000,0x00000000f47fa500,0x00000000f4800000)
  to   space 14336K, 0% used [0x00000000f2e80000,0x00000000f2e80000,0x00000000f3c80000)
 ParOldGen       total 42496K, used 14905K [0x00000000c2200000, 0x00000000c4b80000, 0x00000000eb600000)
  object space 42496K, 35% used [0x00000000c2200000,0x00000000c308e678,0x00000000c4b80000)
 Metaspace       used 19918K, capacity 20506K, committed 20864K, reserved 1067008K
  class space    used 2398K, capacity 2589K, committed 2688K, reserved 1048576K
}
Event: 4.535 GC heap before
{Heap before GC invocations=9 (full 0):
 PSYoungGen      total 135168K, used 14215K [0x00000000eb600000, 0x00000000f4d00000, 0x0000000100000000)
  eden space 123392K, 1% used [0x00000000eb600000,0x00000000eb8677e0,0x00000000f2e80000)
  from space 11776K, 99% used [0x00000000f3c80000,0x00000000f47fa500,0x00000000f4800000)
  to   space 14336K, 0% used [0x00000000f2e80000,0x00000000f2e80000,0x00000000f3c80000)
 ParOldGen       total 42496K, used 14905K [0x00000000c2200000, 0x00000000c4b80000, 0x00000000eb600000)
  object space 42496K, 35% used [0x00000000c2200000,0x00000000c308e678,0x00000000c4b80000)
 Metaspace       used 20656K, capacity 21178K, committed 21296K, reserved 1069056K
  class space    used 2495K, capacity 2685K, committed 2688K, reserved 1048576K
Event: 4.814 GC heap after
Heap after GC invocations=9 (full 0):
 PSYoungGen      total 137728K, used 9024K [0x00000000eb600000, 0x00000000f9300000, 0x0000000100000000)
  eden space 123392K, 0% used [0x00000000eb600000,0x00000000eb600000,0x00000000f2e80000)
  from space 14336K, 62% used [0x00000000f2e80000,0x00000000f3750020,0x00000000f3c80000)
  to   space 14336K, 0% used [0x00000000f8500000,0x00000000f8500000,0x00000000f9300000)
 ParOldGen       total 42496K, used 16681K [0x00000000c2200000, 0x00000000c4b80000, 0x00000000eb600000)
  object space 42496K, 39% used [0x00000000c2200000,0x00000000c324a698,0x00000000c4b80000)
 Metaspace       used 20656K, capacity 21178K, committed 21296K, reserved 1069056K
  class space    used 2495K, capacity 2685K, committed 2688K, reserved 1048576K
}
Event: 4.814 GC heap before
{Heap before GC invocations=10 (full 1):
 PSYoungGen      total 137728K, used 9024K [0x00000000eb600000, 0x00000000f9300000, 0x0000000100000000)
  eden space 123392K, 0% used [0x00000000eb600000,0x00000000eb600000,0x00000000f2e80000)
  from space 14336K, 62% used [0x00000000f2e80000,0x00000000f3750020,0x00000000f3c80000)
  to   space 14336K, 0% used [0x00000000f8500000,0x00000000f8500000,0x00000000f9300000)
 ParOldGen       total 42496K, used 16681K [0x00000000c2200000, 0x00000000c4b80000, 0x00000000eb600000)
  object space 42496K, 39% used [0x00000000c2200000,0x00000000c324a698,0x00000000c4b80000)
 Metaspace       used 20656K, capacity 21178K, committed 21296K, reserved 1069056K
  class space    used 2495K, capacity 2685K, committed 2688K, reserved 1048576K
Event: 4.966 GC heap after
Heap after GC invocations=10 (full 1):
 PSYoungGen      total 137728K, used 0K [0x00000000eb600000, 0x00000000f9300000, 0x0000000100000000)
  eden space 123392K, 0% used [0x00000000eb600000,0x00000000eb600000,0x00000000f2e80000)
  from space 14336K, 0% used [0x00000000f2e80000,0x00000000f2e80000,0x00000000f3c80000)
  to   space 14336K, 0% used [0x00000000f8500000,0x00000000f8500000,0x00000000f9300000)
 ParOldGen       total 40448K, used 17543K [0x00000000c2200000, 0x00000000c4980000, 0x00000000eb600000)
  object space 40448K, 43% used [0x00000000c2200000,0x00000000c3321e10,0x00000000c4980000)
 Metaspace       used 20656K, capacity 21178K, committed 21296K, reserved 1069056K
  class space    used 2495K, capacity 2685K, committed 2688K, reserved 1048576K
}
Event: 8.450 GC heap before
{Heap before GC invocations=11 (full 1):
 PSYoungGen      total 137728K, used 123392K [0x00000000eb600000, 0x00000000f9300000, 0x0000000100000000)
  eden space 123392K, 100% used [0x00000000eb600000,0x00000000f2e80000,0x00000000f2e80000)
  from space 14336K, 0% used [0x00000000f2e80000,0x00000000f2e80000,0x00000000f3c80000)
  to   space 14336K, 0% used [0x00000000f8500000,0x00000000f8500000,0x00000000f9300000)
 ParOldGen       total 40448K, used 17543K [0x00000000c2200000, 0x00000000c4980000, 0x00000000eb600000)
  object space 40448K, 43% used [0x00000000c2200000,0x00000000c3321e10,0x00000000c4980000)
 Metaspace       used 23884K, capacity 24526K, committed 24832K, reserved 1071104K
  class space    used 2828K, capacity 3009K, committed 3072K, reserved 1048576K
Event: 9.394 GC heap after
Heap after GC invocations=11 (full 1):
 PSYoungGen      total 203264K, used 14325K [0x00000000eb600000, 0x00000000f9300000, 0x0000000100000000)
  eden space 188928K, 0% used [0x00000000eb600000,0x00000000eb600000,0x00000000f6e80000)
  from space 14336K, 99% used [0x00000000f8500000,0x00000000f92fd660,0x00000000f9300000)
  to   space 16896K, 0% used [0x00000000f7200000,0x00000000f7200000,0x00000000f8280000)
 ParOldGen       total 40448K, used 18550K [0x00000000c2200000, 0x00000000c4980000, 0x00000000eb600000)
  object space 40448K, 45% used [0x00000000c2200000,0x00000000c341da78,0x00000000c4980000)
 Metaspace       used 23884K, capacity 24526K, committed 24832K, reserved 1071104K
  class space    used 2828K, capacity 3009K, committed 3072K, reserved 1048576K
}

