# JRE version: Java(TM) SE Runtime Environment (8.0_181-b13) (build 1.8.0_181-b13)
# Java VM: Java HotSpot(TM) 64-Bit Server VM (25.181-b13 mixed mode linux-amd64 compressed oops)
Heap:
 PSYoungGen      total 138752K, used 9259K [0x00000000eb600000, 0x00000000f4900000, 0x0000000100000000)
  eden space 126976K, 0% used [0x00000000eb600000,0x00000000eb600000,0x00000000f3200000)
  from space 11776K, 78% used [0x00000000f3200000,0x00000000f3b0af08,0x00000000f3d80000)
  to   space 11776K, 0% used [0x00000000f3d80000,0x00000000f3d80000,0x00000000f4900000)
 ParOldGen       total 42496K, used 18037K [0x00000000c2200000, 0x00000000c4b80000, 0x00000000eb600000)
  object space 42496K, 42% used [0x00000000c2200000,0x00000000c339d7b0,0x00000000c4b80000)
 Metaspace       used 20630K, capacity 21178K, committed 21296K, reserved 1069056K
  class space    used 2495K, capacity 2685K, committed 2688K, reserved 1048576K
GC Heap History (10 events):
Event: 0.725 GC heap after
Heap after GC invocations=2 (full 0):
 PSYoungGen      total 34304K, used 2546K [0x00000000eb600000, 0x00000000eda00000, 0x0000000100000000)
  eden space 31744K, 0% used [0x00000000eb600000,0x00000000eb600000,0x00000000ed500000)
  from space 2560K, 99% used [0x00000000ed780000,0x00000000ed9fc840,0x00000000eda00000)
  to   space 2560K, 0% used [0x00000000ed500000,0x00000000ed500000,0x00000000ed780000)
 ParOldGen       total 42496K, used 1027K [0x00000000c2200000, 0x00000000c4b80000, 0x00000000eb600000)
  object space 42496K, 2% used [0x00000000c2200000,0x00000000c2300de8,0x00000000c4b80000)
 Metaspace       used 8020K, capacity 8188K, committed 8320K, reserved 1056768K
  class space    used 989K, capacity 1048K, committed 1152K, reserved 1048576K
}
Event: 1.228 GC heap before
{Heap before GC invocations=3 (full 0):
 PSYoungGen      total 34304K, used 34290K [0x00000000eb600000, 0x00000000eda00000, 0x0000000100000000)
  eden space 31744K, 100% used [0x00000000eb600000,0x00000000ed500000,0x00000000ed500000)
  from space 2560K, 99% used [0x00000000ed780000,0x00000000ed9fc840,0x00000000eda00000)
  to   space 2560K, 0% used [0x00000000ed500000,0x00000000ed500000,0x00000000ed780000)
 ParOldGen       total 42496K, used 1027K [0x00000000c2200000, 0x00000000c4b80000, 0x00000000eb600000)
  object space 42496K, 2% used [0x00000000c2200000,0x00000000c2300de8,0x00000000c4b80000)
 Metaspace       used 11253K, capacity 11458K, committed 11520K, reserved 1058816K
  class space    used 1401K, capacity 1475K, committed 1536K, reserved 1048576K
Event: 1.235 GC heap after
Heap after GC invocations=3 (full 0):
 PSYoungGen      total 34304K, used 2560K [0x00000000eb600000, 0x00000000ef900000, 0x0000000100000000)
  eden space 31744K, 0% used [0x00000000eb600000,0x00000000eb600000,0x00000000ed500000)
  from space 2560K, 100% used [0x00000000ed500000,0x00000000ed780000,0x00000000ed780000)
  to   space 2560K, 0% used [0x00000000ef680000,0x00000000ef680000,0x00000000ef900000)
 ParOldGen       total 42496K, used 4682K [0x00000000c2200000, 0x00000000c4b80000, 0x00000000eb600000)
  object space 42496K, 11% used [0x00000000c2200000,0x00000000c2692ab8,0x00000000c4b80000)
 Metaspace       used 11253K, capacity 11458K, committed 11520K, reserved 1058816K
  class space    used 1401K, capacity 1475K, committed 1536K, reserved 1048576K
}
Event: 1.966 GC heap before
{Heap before GC invocations=4 (full 0):
 PSYoungGen      total 34304K, used 34304K [0x00000000eb600000, 0x00000000ef900000, 0x0000000100000000)
  eden space 31744K, 100% used [0x00000000eb600000,0x00000000ed500000,0x00000000ed500000)
  from space 2560K, 100% used [0x00000000ed500000,0x00000000ed780000,0x00000000ed780000)
  to   space 2560K, 0% used [0x00000000ef680000,0x00000000ef680000,0x00000000ef900000)
 ParOldGen       total 42496K, used 4682K [0x00000000c2200000, 0x00000000c4b80000, 0x00000000eb600000)
  object space 42496K, 11% used [0x00000000c2200000,0x00000000c2692ab8,0x00000000c4b80000)
 Metaspace       used 14584K, capacity 14780K, committed 14976K, reserved 1062912K
  class space    used 1815K, capacity 1906K, committed 1920K, reserved 1048576K
Event: 1.979 GC heap after
Heap after GC invocations=4 (full 0):
 PSYoungGen      total 66048K, used 2544K [0x00000000eb600000, 0x00000000ef900000, 0x0000000100000000)
  eden space 63488K, 0% used [0x00000000eb600000,0x00000000eb600000,0x00000000ef400000)
  from space 2560K, 99% used [0x00000000ef680000,0x00000000ef8fc010,0x00000000ef900000)
  to   space 2560K, 0% used [0x00000000ef400000,0x00000000ef400000,0x00000000ef680000)
 ParOldGen       total 42496K, used 9720K [0x00000000c2200000, 0x00000000c4b80000, 0x00000000eb600000)
  object space 42496K, 22% used [0x00000000c2200000,0x00000000c2b7e2e8,0x00000000c4b80000)
 Metaspace       used 14584K, capacity 14780K, committed 14976K, reserved 1062912K
  class space    used 1815K, capacity 1906K, committed 1920K, reserved 1048576K
}
Event: 2.750 GC heap before
{Heap before GC invocations=5 (full 0):
 PSYoungGen      total 66048K, used 66032K [0x00000000eb600000, 0x00000000ef900000, 0x0000000100000000)
  eden space 63488K, 100% used [0x00000000eb600000,0x00000000ef400000,0x00000000ef400000)
  from space 2560K, 99% used [0x00000000ef680000,0x00000000ef8fc010,0x00000000ef900000)
  to   space 2560K, 0% used [0x00000000ef400000,0x00000000ef400000,0x00000000ef680000)
 ParOldGen       total 42496K, used 9720K [0x00000000c2200000, 0x00000000c4b80000, 0x00000000eb600000)
  object space 42496K, 22% used [0x00000000c2200000,0x00000000c2b7e2e8,0x00000000c4b80000)
 Metaspace       used 15368K, capacity 15630K, committed 15872K, reserved 1062912K
  class space    used 1860K, capacity 1973K, committed 2048K, reserved 1048576K
Event: 2.779 GC heap after
Heap after GC invocations=5 (full 0):
 PSYoungGen      total 66048K, used 2544K [0x00000000eb600000, 0x00000000f4900000, 0x0000000100000000)
  eden space 63488K, 0% used [0x00000000eb600000,0x00000000eb600000,0x00000000ef400000)
  from space 2560K, 99% used [0x00000000ef400000,0x00000000ef67c010,0x00000000ef680000)
  to   space 11776K, 0% used [0x00000000f3d80000,0x00000000f3d80000,0x00000000f4900000)
 ParOldGen       total 42496K, used 17477K [0x00000000c2200000, 0x00000000c4b80000, 0x00000000eb600000)
  object space 42496K, 41% used [0x00000000c2200000,0x00000000c3311720,0x00000000c4b80000)
 Metaspace       used 15368K, capacity 15630K, committed 15872K, reserved 1062912K
  class space    used 1860K, capacity 1973K, committed 2048K, reserved 1048576K
}
Event: 3.844 GC heap before
{Heap before GC invocations=6 (full 0):
 PSYoungGen      total 66048K, used 66032K [0x00000000eb600000, 0x00000000f4900000, 0x0000000100000000)
  eden space 63488K, 100% used [0x00000000eb600000,0x00000000ef400000,0x00000000ef400000)
  from space 2560K, 99% used [0x00000000ef400000,0x00000000ef67c010,0x00000000ef680000)
  to   space 11776K, 0% used [0x00000000f3d80000,0x00000000f3d80000,0x00000000f4900000)
 ParOldGen       total 42496K, used 17477K [0x00000000c2200000, 0x00000000c4b80000, 0x00000000eb600000)
  object space 42496K, 41% used [0x00000000c2200000,0x00000000c3311720,0x00000000c4b80000)
 Metaspace       used 16738K, capacity 17128K, committed 17280K, reserved 1064960K
  class space    used 1998K, capacity 2124K, committed 2176K, reserved 1048576K
Event: 3.864 GC heap after
Heap after GC invocations=6 (full 0):
 PSYoungGen      total 138752K, used 7787K [0x00000000eb600000, 0x00000000f4900000, 0x0000000100000000)
  eden space 126976K, 0% used [0x00000000eb600000,0x00000000eb600000,0x00000000f3200000)
  from space 11776K, 66% used [0x00000000f3d80000,0x00000000f451af28,0x00000000f4900000)
  to   space 11776K, 0% used [0x00000000f3200000,0x00000000f3200000,0x00000000f3d80000)
 ParOldGen       total 42496K, used 17477K [0x00000000c2200000, 0x00000000c4b80000, 0x00000000eb600000)
  object space 42496K, 41% used [0x00000000c2200000,0x00000000c3311720,0x00000000c4b80000)
 Metaspace       used 16738K, capacity 17128K, committed 17280K, reserved 1064960K
  class space    used 1998K, capacity 2124K, committed 2176K, reserved 1048576K
}
Event: 4.599 GC heap before
{Heap before GC invocations=7 (full 0):
 PSYoungGen      total 138752K, used 44701K [0x00000000eb600000, 0x00000000f4900000, 0x0000000100000000)
  eden space 126976K, 29% used [0x00000000eb600000,0x00000000eda0c670,0x00000000f3200000)
  from space 11776K, 66% used [0x00000000f3d80000,0x00000000f451af28,0x00000000f4900000)
  to   space 11776K, 0% used [0x00000000f3200000,0x00000000f3200000,0x00000000f3d80000)
 ParOldGen       total 42496K, used 17477K [0x00000000c2200000, 0x00000000c4b80000, 0x00000000eb600000)
  object space 42496K, 41% used [0x00000000c2200000,0x00000000c3311720,0x00000000c4b80000)
 Metaspace       used 20630K, capacity 21178K, committed 21296K, reserved 1069056K
  class space    used 2495K, capacity 2685K, committed 2688K, reserved 1048576K

